Determining if the pthread_create exist failed with the following output:
Change Dir: /home/sandy/Education/ROS_Tutorials/Gazebo/GazeboWebsite/gazebo_plugin/build/CMakeFiles/CMakeTmp

Run Build Command:"/usr/bin/make" "cmTC_99f4d/fast"
/usr/bin/make -f CMakeFiles/cmTC_99f4d.dir/build.make CMakeFiles/cmTC_99f4d.dir/build
make[1]: Entering directory '/home/sandy/Education/ROS_Tutorials/Gazebo/GazeboWebsite/gazebo_plugin/build/CMakeFiles/CMakeTmp'
Building C object CMakeFiles/cmTC_99f4d.dir/CheckSymbolExists.c.o
/usr/bin/cc     -o CMakeFiles/cmTC_99f4d.dir/CheckSymbolExists.c.o   -c /home/sandy/Education/ROS_Tutorials/Gazebo/GazeboWebsite/gazebo_plugin/build/CMakeFiles/CMakeTmp/CheckSymbolExists.c
Linking C executable cmTC_99f4d
/usr/bin/cmake -E cmake_link_script CMakeFiles/cmTC_99f4d.dir/link.txt --verbose=1
/usr/bin/cc       CMakeFiles/cmTC_99f4d.dir/CheckSymbolExists.c.o  -o cmTC_99f4d -rdynamic 
CMakeFiles/cmTC_99f4d.dir/CheckSymbolExists.c.o: In function `main':
CheckSymbolExists.c:(.text+0x16): undefined reference to `pthread_create'
collect2: error: ld returned 1 exit status
CMakeFiles/cmTC_99f4d.dir/build.make:97: recipe for target 'cmTC_99f4d' failed
make[1]: *** [cmTC_99f4d] Error 1
make[1]: Leaving directory '/home/sandy/Education/ROS_Tutorials/Gazebo/GazeboWebsite/gazebo_plugin/build/CMakeFiles/CMakeTmp'
Makefile:126: recipe for target 'cmTC_99f4d/fast' failed
make: *** [cmTC_99f4d/fast] Error 2

File /home/sandy/Education/ROS_Tutorials/Gazebo/GazeboWebsite/gazebo_plugin/build/CMakeFiles/CMakeTmp/CheckSymbolExists.c:
/* */
#include <pthread.h>

int main(int argc, char** argv)
{
  (void)argv;
#ifndef pthread_create
  return ((int*)(&pthread_create))[argc];
#else
  (void)argc;
  return 0;
#endif
}

Determining if the function pthread_create exists in the pthreads failed with the following output:
Change Dir: /home/sandy/Education/ROS_Tutorials/Gazebo/GazeboWebsite/gazebo_plugin/build/CMakeFiles/CMakeTmp

Run Build Command:"/usr/bin/make" "cmTC_2b953/fast"
/usr/bin/make -f CMakeFiles/cmTC_2b953.dir/build.make CMakeFiles/cmTC_2b953.dir/build
make[1]: Entering directory '/home/sandy/Education/ROS_Tutorials/Gazebo/GazeboWebsite/gazebo_plugin/build/CMakeFiles/CMakeTmp'
Building C object CMakeFiles/cmTC_2b953.dir/CheckFunctionExists.c.o
/usr/bin/cc    -DCHECK_FUNCTION_EXISTS=pthread_create   -o CMakeFiles/cmTC_2b953.dir/CheckFunctionExists.c.o   -c /usr/share/cmake-3.5/Modules/CheckFunctionExists.c
Linking C executable cmTC_2b953
/usr/bin/cmake -E cmake_link_script CMakeFiles/cmTC_2b953.dir/link.txt --verbose=1
/usr/bin/cc   -DCHECK_FUNCTION_EXISTS=pthread_create    CMakeFiles/cmTC_2b953.dir/CheckFunctionExists.c.o  -o cmTC_2b953 -rdynamic -lpthreads 
/usr/bin/ld: cannot find -lpthreads
collect2: error: ld returned 1 exit status
CMakeFiles/cmTC_2b953.dir/build.make:97: recipe for target 'cmTC_2b953' failed
make[1]: *** [cmTC_2b953] Error 1
make[1]: Leaving directory '/home/sandy/Education/ROS_Tutorials/Gazebo/GazeboWebsite/gazebo_plugin/build/CMakeFiles/CMakeTmp'
Makefile:126: recipe for target 'cmTC_2b953/fast' failed
make: *** [cmTC_2b953/fast] Error 2


Determining if the pthread_create exist failed with the following output:
Change Dir: /home/sandy/Education/ROS_Tutorials/Gazebo/GazeboWebsite/gazebo_plugin/build/CMakeFiles/CMakeTmp

Run Build Command:"/usr/bin/make" "cmTC_127f4/fast"
make[1]: Entering directory '/home/sandy/Education/ROS_Tutorials/Gazebo/GazeboWebsite/gazebo_plugin/build/CMakeFiles/CMakeTmp'
/usr/bin/make -f CMakeFiles/cmTC_127f4.dir/build.make CMakeFiles/cmTC_127f4.dir/build
make[2]: Entering directory '/home/sandy/Education/ROS_Tutorials/Gazebo/GazeboWebsite/gazebo_plugin/build/CMakeFiles/CMakeTmp'
Building C object CMakeFiles/cmTC_127f4.dir/CheckSymbolExists.c.o
/usr/bin/cc     -o CMakeFiles/cmTC_127f4.dir/CheckSymbolExists.c.o   -c /home/sandy/Education/ROS_Tutorials/Gazebo/GazeboWebsite/gazebo_plugin/build/CMakeFiles/CMakeTmp/CheckSymbolExists.c
Linking C executable cmTC_127f4
/usr/bin/cmake -E cmake_link_script CMakeFiles/cmTC_127f4.dir/link.txt --verbose=1
/usr/bin/cc       CMakeFiles/cmTC_127f4.dir/CheckSymbolExists.c.o  -o cmTC_127f4 -rdynamic 
CMakeFiles/cmTC_127f4.dir/CheckSymbolExists.c.o: In function `main':
CheckSymbolExists.c:(.text+0x16): undefined reference to `pthread_create'
collect2: error: ld returned 1 exit status
CMakeFiles/cmTC_127f4.dir/build.make:97: recipe for target 'cmTC_127f4' failed
make[2]: *** [cmTC_127f4] Error 1
make[2]: Leaving directory '/home/sandy/Education/ROS_Tutorials/Gazebo/GazeboWebsite/gazebo_plugin/build/CMakeFiles/CMakeTmp'
Makefile:126: recipe for target 'cmTC_127f4/fast' failed
make[1]: *** [cmTC_127f4/fast] Error 2
make[1]: Leaving directory '/home/sandy/Education/ROS_Tutorials/Gazebo/GazeboWebsite/gazebo_plugin/build/CMakeFiles/CMakeTmp'

File /home/sandy/Education/ROS_Tutorials/Gazebo/GazeboWebsite/gazebo_plugin/build/CMakeFiles/CMakeTmp/CheckSymbolExists.c:
/* */
#include <pthread.h>

int main(int argc, char** argv)
{
  (void)argv;
#ifndef pthread_create
  return ((int*)(&pthread_create))[argc];
#else
  (void)argc;
  return 0;
#endif
}

Determining if the function pthread_create exists in the pthreads failed with the following output:
Change Dir: /home/sandy/Education/ROS_Tutorials/Gazebo/GazeboWebsite/gazebo_plugin/build/CMakeFiles/CMakeTmp

Run Build Command:"/usr/bin/make" "cmTC_b9d9d/fast"
make[1]: Entering directory '/home/sandy/Education/ROS_Tutorials/Gazebo/GazeboWebsite/gazebo_plugin/build/CMakeFiles/CMakeTmp'
/usr/bin/make -f CMakeFiles/cmTC_b9d9d.dir/build.make CMakeFiles/cmTC_b9d9d.dir/build
make[2]: Entering directory '/home/sandy/Education/ROS_Tutorials/Gazebo/GazeboWebsite/gazebo_plugin/build/CMakeFiles/CMakeTmp'
Building C object CMakeFiles/cmTC_b9d9d.dir/CheckFunctionExists.c.o
/usr/bin/cc    -DCHECK_FUNCTION_EXISTS=pthread_create   -o CMakeFiles/cmTC_b9d9d.dir/CheckFunctionExists.c.o   -c /usr/share/cmake-3.5/Modules/CheckFunctionExists.c
Linking C executable cmTC_b9d9d
/usr/bin/cmake -E cmake_link_script CMakeFiles/cmTC_b9d9d.dir/link.txt --verbose=1
/usr/bin/cc   -DCHECK_FUNCTION_EXISTS=pthread_create    CMakeFiles/cmTC_b9d9d.dir/CheckFunctionExists.c.o  -o cmTC_b9d9d -rdynamic -lpthreads 
/usr/bin/ld: cannot find -lpthreads
collect2: error: ld returned 1 exit status
CMakeFiles/cmTC_b9d9d.dir/build.make:97: recipe for target 'cmTC_b9d9d' failed
make[2]: *** [cmTC_b9d9d] Error 1
make[2]: Leaving directory '/home/sandy/Education/ROS_Tutorials/Gazebo/GazeboWebsite/gazebo_plugin/build/CMakeFiles/CMakeTmp'
Makefile:126: recipe for target 'cmTC_b9d9d/fast' failed
make[1]: *** [cmTC_b9d9d/fast] Error 2
make[1]: Leaving directory '/home/sandy/Education/ROS_Tutorials/Gazebo/GazeboWebsite/gazebo_plugin/build/CMakeFiles/CMakeTmp'


